Line 122: Class MSAdodcLib.Adodc of control datPrimaryRSVers was not a loaded control class.
Line 169: Class MSAdodcLib.Adodc of control datPrimaryRSTypPay was not a loaded control class.
Line 339: Class MSAdodcLib.Adodc of control datPrimaryRSCoti was not a loaded control class.
Line 593: Class MSAdodcLib.Adodc of control datPrimaryRSChien was not a loaded control class.
Line 640: Class MSAdodcLib.Adodc of control datPrimaryRSRace was not a loaded control class.
Line 898: Class MSAdodcLib.Adodc of control datPrimaryRS was not a loaded control class.
Line 1045: Class MSAdodcLib.Adodc of control Adodc1 was not a loaded control class.
Line 128: The property name _ExtentX in datPrimaryRSVers is invalid.
Line 129: The property name _ExtentY in datPrimaryRSVers is invalid.
Line 130: The property name ConnectMode in datPrimaryRSVers is invalid.
Line 131: The property name CursorLocation in datPrimaryRSVers is invalid.
Line 132: The property name IsolationLevel in datPrimaryRSVers is invalid.
Line 133: The property name ConnectionTimeout in datPrimaryRSVers is invalid.
Line 134: The property name CommandTimeout in datPrimaryRSVers is invalid.
Line 135: The property name CursorType in datPrimaryRSVers is invalid.
Line 136: The property name LockType in datPrimaryRSVers is invalid.
Line 137: The property name CommandType in datPrimaryRSVers is invalid.
Line 138: The property name CursorOptions in datPrimaryRSVers is invalid.
Line 139: The property name CacheSize in datPrimaryRSVers is invalid.
Line 140: The property name MaxRecords in datPrimaryRSVers is invalid.
Line 141: The property name BOFAction in datPrimaryRSVers is invalid.
Line 142: The property name EOFAction in datPrimaryRSVers is invalid.
Line 143: The property name ConnectStringType in datPrimaryRSVers is invalid.
Line 147: The property name Orientation in datPrimaryRSVers is invalid.
Line 149: The property name Connect in datPrimaryRSVers is invalid.
Line 150: The property name OLEDBString in datPrimaryRSVers is invalid.
Line 151: The property name OLEDBFile in datPrimaryRSVers is invalid.
Line 152: The property name DataSourceName in datPrimaryRSVers is invalid.
Line 153: The property name OtherAttributes in datPrimaryRSVers is invalid.
Line 154: The property name UserName in datPrimaryRSVers is invalid.
Line 155: The property name Password in datPrimaryRSVers is invalid.
Line 156: The property name RecordSource in datPrimaryRSVers is invalid.
Line 157: The property name Caption in datPrimaryRSVers is invalid.
Line 167: The property name _Version in datPrimaryRSVers is invalid.
Line 175: The property name _ExtentX in datPrimaryRSTypPay is invalid.
Line 176: The property name _ExtentY in datPrimaryRSTypPay is invalid.
Line 177: The property name ConnectMode in datPrimaryRSTypPay is invalid.
Line 178: The property name CursorLocation in datPrimaryRSTypPay is invalid.
Line 179: The property name IsolationLevel in datPrimaryRSTypPay is invalid.
Line 180: The property name ConnectionTimeout in datPrimaryRSTypPay is invalid.
Line 181: The property name CommandTimeout in datPrimaryRSTypPay is invalid.
Line 182: The property name CursorType in datPrimaryRSTypPay is invalid.
Line 183: The property name LockType in datPrimaryRSTypPay is invalid.
Line 184: The property name CommandType in datPrimaryRSTypPay is invalid.
Line 185: The property name CursorOptions in datPrimaryRSTypPay is invalid.
Line 186: The property name CacheSize in datPrimaryRSTypPay is invalid.
Line 187: The property name MaxRecords in datPrimaryRSTypPay is invalid.
Line 188: The property name BOFAction in datPrimaryRSTypPay is invalid.
Line 189: The property name EOFAction in datPrimaryRSTypPay is invalid.
Line 190: The property name ConnectStringType in datPrimaryRSTypPay is invalid.
Line 194: The property name Orientation in datPrimaryRSTypPay is invalid.
Line 196: The property name Connect in datPrimaryRSTypPay is invalid.
Line 197: The property name OLEDBString in datPrimaryRSTypPay is invalid.
Line 198: The property name OLEDBFile in datPrimaryRSTypPay is invalid.
Line 199: The property name DataSourceName in datPrimaryRSTypPay is invalid.
Line 200: The property name OtherAttributes in datPrimaryRSTypPay is invalid.
Line 201: The property name UserName in datPrimaryRSTypPay is invalid.
Line 202: The property name Password in datPrimaryRSTypPay is invalid.
Line 203: The property name RecordSource in datPrimaryRSTypPay is invalid.
Line 204: The property name Caption in datPrimaryRSTypPay is invalid.
Line 214: The property name _Version in datPrimaryRSTypPay is invalid.
Line 345: The property name _ExtentX in datPrimaryRSCoti is invalid.
Line 346: The property name _ExtentY in datPrimaryRSCoti is invalid.
Line 347: The property name ConnectMode in datPrimaryRSCoti is invalid.
Line 348: The property name CursorLocation in datPrimaryRSCoti is invalid.
Line 349: The property name IsolationLevel in datPrimaryRSCoti is invalid.
Line 350: The property name ConnectionTimeout in datPrimaryRSCoti is invalid.
Line 351: The property name CommandTimeout in datPrimaryRSCoti is invalid.
Line 352: The property name CursorType in datPrimaryRSCoti is invalid.
Line 353: The property name LockType in datPrimaryRSCoti is invalid.
Line 354: The property name CommandType in datPrimaryRSCoti is invalid.
Line 355: The property name CursorOptions in datPrimaryRSCoti is invalid.
Line 356: The property name CacheSize in datPrimaryRSCoti is invalid.
Line 357: The property name MaxRecords in datPrimaryRSCoti is invalid.
Line 358: The property name BOFAction in datPrimaryRSCoti is invalid.
Line 359: The property name EOFAction in datPrimaryRSCoti is invalid.
Line 360: The property name ConnectStringType in datPrimaryRSCoti is invalid.
Line 364: The property name Orientation in datPrimaryRSCoti is invalid.
Line 366: The property name Connect in datPrimaryRSCoti is invalid.
Line 367: The property name OLEDBString in datPrimaryRSCoti is invalid.
Line 368: The property name OLEDBFile in datPrimaryRSCoti is invalid.
Line 369: The property name DataSourceName in datPrimaryRSCoti is invalid.
Line 370: The property name OtherAttributes in datPrimaryRSCoti is invalid.
Line 371: The property name UserName in datPrimaryRSCoti is invalid.
Line 372: The property name Password in datPrimaryRSCoti is invalid.
Line 373: The property name RecordSource in datPrimaryRSCoti is invalid.
Line 374: The property name Caption in datPrimaryRSCoti is invalid.
Line 384: The property name _Version in datPrimaryRSCoti is invalid.
Line 599: The property name _ExtentX in datPrimaryRSChien is invalid.
Line 600: The property name _ExtentY in datPrimaryRSChien is invalid.
Line 601: The property name ConnectMode in datPrimaryRSChien is invalid.
Line 602: The property name CursorLocation in datPrimaryRSChien is invalid.
Line 603: The property name IsolationLevel in datPrimaryRSChien is invalid.
Line 604: The property name ConnectionTimeout in datPrimaryRSChien is invalid.
Line 605: The property name CommandTimeout in datPrimaryRSChien is invalid.
Line 606: The property name CursorType in datPrimaryRSChien is invalid.
Line 607: The property name LockType in datPrimaryRSChien is invalid.
Line 608: The property name CommandType in datPrimaryRSChien is invalid.
Line 609: The property name CursorOptions in datPrimaryRSChien is invalid.
Line 610: The property name CacheSize in datPrimaryRSChien is invalid.
Line 611: The property name MaxRecords in datPrimaryRSChien is invalid.
Line 612: The property name BOFAction in datPrimaryRSChien is invalid.
Line 613: The property name EOFAction in datPrimaryRSChien is invalid.
Line 614: The property name ConnectStringType in datPrimaryRSChien is invalid.
Line 618: The property name Orientation in datPrimaryRSChien is invalid.
Line 620: The property name Connect in datPrimaryRSChien is invalid.
Line 621: The property name OLEDBString in datPrimaryRSChien is invalid.
Line 622: The property name OLEDBFile in datPrimaryRSChien is invalid.
Line 623: The property name DataSourceName in datPrimaryRSChien is invalid.
Line 624: The property name OtherAttributes in datPrimaryRSChien is invalid.
Line 625: The property name UserName in datPrimaryRSChien is invalid.
Line 626: The property name Password in datPrimaryRSChien is invalid.
Line 627: The property name RecordSource in datPrimaryRSChien is invalid.
Line 628: The property name Caption in datPrimaryRSChien is invalid.
Line 638: The property name _Version in datPrimaryRSChien is invalid.
Line 646: The property name _ExtentX in datPrimaryRSRace is invalid.
Line 647: The property name _ExtentY in datPrimaryRSRace is invalid.
Line 648: The property name ConnectMode in datPrimaryRSRace is invalid.
Line 649: The property name CursorLocation in datPrimaryRSRace is invalid.
Line 650: The property name IsolationLevel in datPrimaryRSRace is invalid.
Line 651: The property name ConnectionTimeout in datPrimaryRSRace is invalid.
Line 652: The property name CommandTimeout in datPrimaryRSRace is invalid.
Line 653: The property name CursorType in datPrimaryRSRace is invalid.
Line 654: The property name LockType in datPrimaryRSRace is invalid.
Line 655: The property name CommandType in datPrimaryRSRace is invalid.
Line 656: The property name CursorOptions in datPrimaryRSRace is invalid.
Line 657: The property name CacheSize in datPrimaryRSRace is invalid.
Line 658: The property name MaxRecords in datPrimaryRSRace is invalid.
Line 659: The property name BOFAction in datPrimaryRSRace is invalid.
Line 660: The property name EOFAction in datPrimaryRSRace is invalid.
Line 661: The property name ConnectStringType in datPrimaryRSRace is invalid.
Line 665: The property name Orientation in datPrimaryRSRace is invalid.
Line 667: The property name Connect in datPrimaryRSRace is invalid.
Line 668: The property name OLEDBString in datPrimaryRSRace is invalid.
Line 669: The property name OLEDBFile in datPrimaryRSRace is invalid.
Line 670: The property name DataSourceName in datPrimaryRSRace is invalid.
Line 671: The property name OtherAttributes in datPrimaryRSRace is invalid.
Line 672: The property name UserName in datPrimaryRSRace is invalid.
Line 673: The property name Password in datPrimaryRSRace is invalid.
Line 674: The property name RecordSource in datPrimaryRSRace is invalid.
Line 675: The property name Caption in datPrimaryRSRace is invalid.
Line 685: The property name _Version in datPrimaryRSRace is invalid.
Line 903: The property name _ExtentX in datPrimaryRS is invalid.
Line 904: The property name _ExtentY in datPrimaryRS is invalid.
Line 905: The property name ConnectMode in datPrimaryRS is invalid.
Line 906: The property name CursorLocation in datPrimaryRS is invalid.
Line 907: The property name IsolationLevel in datPrimaryRS is invalid.
Line 908: The property name ConnectionTimeout in datPrimaryRS is invalid.
Line 909: The property name CommandTimeout in datPrimaryRS is invalid.
Line 910: The property name CursorType in datPrimaryRS is invalid.
Line 911: The property name LockType in datPrimaryRS is invalid.
Line 912: The property name CommandType in datPrimaryRS is invalid.
Line 913: The property name CursorOptions in datPrimaryRS is invalid.
Line 914: The property name CacheSize in datPrimaryRS is invalid.
Line 915: The property name MaxRecords in datPrimaryRS is invalid.
Line 916: The property name BOFAction in datPrimaryRS is invalid.
Line 917: The property name EOFAction in datPrimaryRS is invalid.
Line 918: The property name ConnectStringType in datPrimaryRS is invalid.
Line 922: The property name Orientation in datPrimaryRS is invalid.
Line 924: The property name Connect in datPrimaryRS is invalid.
Line 925: The property name OLEDBString in datPrimaryRS is invalid.
Line 926: The property name OLEDBFile in datPrimaryRS is invalid.
Line 927: The property name DataSourceName in datPrimaryRS is invalid.
Line 928: The property name OtherAttributes in datPrimaryRS is invalid.
Line 929: The property name UserName in datPrimaryRS is invalid.
Line 930: The property name Password in datPrimaryRS is invalid.
Line 931: The property name RecordSource in datPrimaryRS is invalid.
Line 932: The property name Caption in datPrimaryRS is invalid.
Line 942: The property name _Version in datPrimaryRS is invalid.
Line 1051: The property name _ExtentX in Adodc1 is invalid.
Line 1052: The property name _ExtentY in Adodc1 is invalid.
Line 1053: The property name ConnectMode in Adodc1 is invalid.
Line 1054: The property name CursorLocation in Adodc1 is invalid.
Line 1055: The property name IsolationLevel in Adodc1 is invalid.
Line 1056: The property name ConnectionTimeout in Adodc1 is invalid.
Line 1057: The property name CommandTimeout in Adodc1 is invalid.
Line 1058: The property name CursorType in Adodc1 is invalid.
Line 1059: The property name LockType in Adodc1 is invalid.
Line 1060: The property name CommandType in Adodc1 is invalid.
Line 1061: The property name CursorOptions in Adodc1 is invalid.
Line 1062: The property name CacheSize in Adodc1 is invalid.
Line 1063: The property name MaxRecords in Adodc1 is invalid.
Line 1064: The property name BOFAction in Adodc1 is invalid.
Line 1065: The property name EOFAction in Adodc1 is invalid.
Line 1066: The property name ConnectStringType in Adodc1 is invalid.
Line 1070: The property name Orientation in Adodc1 is invalid.
Line 1072: The property name Connect in Adodc1 is invalid.
Line 1073: The property name OLEDBString in Adodc1 is invalid.
Line 1074: The property name OLEDBFile in Adodc1 is invalid.
Line 1075: The property name DataSourceName in Adodc1 is invalid.
Line 1076: The property name OtherAttributes in Adodc1 is invalid.
Line 1077: The property name UserName in Adodc1 is invalid.
Line 1078: The property name Password in Adodc1 is invalid.
Line 1079: The property name RecordSource in Adodc1 is invalid.
Line 1080: The property name Caption in Adodc1 is invalid.
Line 1090: The property name _Version in Adodc1 is invalid.
