Line 109: Class MSAdodcLib.Adodc of control datPrimaryRS was not a loaded control class.
Line 115: The property name _ExtentX in datPrimaryRS is invalid.
Line 116: The property name _ExtentY in datPrimaryRS is invalid.
Line 117: The property name ConnectMode in datPrimaryRS is invalid.
Line 118: The property name CursorLocation in datPrimaryRS is invalid.
Line 119: The property name IsolationLevel in datPrimaryRS is invalid.
Line 120: The property name ConnectionTimeout in datPrimaryRS is invalid.
Line 121: The property name CommandTimeout in datPrimaryRS is invalid.
Line 122: The property name CursorType in datPrimaryRS is invalid.
Line 123: The property name LockType in datPrimaryRS is invalid.
Line 124: The property name CommandType in datPrimaryRS is invalid.
Line 125: The property name CursorOptions in datPrimaryRS is invalid.
Line 126: The property name CacheSize in datPrimaryRS is invalid.
Line 127: The property name MaxRecords in datPrimaryRS is invalid.
Line 128: The property name BOFAction in datPrimaryRS is invalid.
Line 129: The property name EOFAction in datPrimaryRS is invalid.
Line 130: The property name ConnectStringType in datPrimaryRS is invalid.
Line 134: The property name Orientation in datPrimaryRS is invalid.
Line 136: The property name Connect in datPrimaryRS is invalid.
Line 137: The property name OLEDBString in datPrimaryRS is invalid.
Line 138: The property name OLEDBFile in datPrimaryRS is invalid.
Line 139: The property name DataSourceName in datPrimaryRS is invalid.
Line 140: The property name OtherAttributes in datPrimaryRS is invalid.
Line 141: The property name UserName in datPrimaryRS is invalid.
Line 142: The property name Password in datPrimaryRS is invalid.
Line 143: The property name RecordSource in datPrimaryRS is invalid.
Line 144: The property name Caption in datPrimaryRS is invalid.
Line 154: The property name _Version in datPrimaryRS is invalid.
