Line 174: Class MSAdodcLib.Adodc of control datPrimaryRSChien was not a loaded control class.
Line 221: Class MSAdodcLib.Adodc of control datPrimaryRSRace was not a loaded control class.
Line 574: Class MSAdodcLib.Adodc of control datPrimaryRSCoti was not a loaded control class.
Line 621: Class MSAdodcLib.Adodc of control datPrimaryRSVers was not a loaded control class.
Line 668: Class MSAdodcLib.Adodc of control datPrimaryRSTypPay was not a loaded control class.
Line 888: Class MSAdodcLib.Adodc of control datPrimaryRS was not a loaded control class.
Line 180: The property name _ExtentX in datPrimaryRSChien is invalid.
Line 181: The property name _ExtentY in datPrimaryRSChien is invalid.
Line 182: The property name ConnectMode in datPrimaryRSChien is invalid.
Line 183: The property name CursorLocation in datPrimaryRSChien is invalid.
Line 184: The property name IsolationLevel in datPrimaryRSChien is invalid.
Line 185: The property name ConnectionTimeout in datPrimaryRSChien is invalid.
Line 186: The property name CommandTimeout in datPrimaryRSChien is invalid.
Line 187: The property name CursorType in datPrimaryRSChien is invalid.
Line 188: The property name LockType in datPrimaryRSChien is invalid.
Line 189: The property name CommandType in datPrimaryRSChien is invalid.
Line 190: The property name CursorOptions in datPrimaryRSChien is invalid.
Line 191: The property name CacheSize in datPrimaryRSChien is invalid.
Line 192: The property name MaxRecords in datPrimaryRSChien is invalid.
Line 193: The property name BOFAction in datPrimaryRSChien is invalid.
Line 194: The property name EOFAction in datPrimaryRSChien is invalid.
Line 195: The property name ConnectStringType in datPrimaryRSChien is invalid.
Line 199: The property name Orientation in datPrimaryRSChien is invalid.
Line 201: The property name Connect in datPrimaryRSChien is invalid.
Line 202: The property name OLEDBString in datPrimaryRSChien is invalid.
Line 203: The property name OLEDBFile in datPrimaryRSChien is invalid.
Line 204: The property name DataSourceName in datPrimaryRSChien is invalid.
Line 205: The property name OtherAttributes in datPrimaryRSChien is invalid.
Line 206: The property name UserName in datPrimaryRSChien is invalid.
Line 207: The property name Password in datPrimaryRSChien is invalid.
Line 208: The property name RecordSource in datPrimaryRSChien is invalid.
Line 209: The property name Caption in datPrimaryRSChien is invalid.
Line 219: The property name _Version in datPrimaryRSChien is invalid.
Line 227: The property name _ExtentX in datPrimaryRSRace is invalid.
Line 228: The property name _ExtentY in datPrimaryRSRace is invalid.
Line 229: The property name ConnectMode in datPrimaryRSRace is invalid.
Line 230: The property name CursorLocation in datPrimaryRSRace is invalid.
Line 231: The property name IsolationLevel in datPrimaryRSRace is invalid.
Line 232: The property name ConnectionTimeout in datPrimaryRSRace is invalid.
Line 233: The property name CommandTimeout in datPrimaryRSRace is invalid.
Line 234: The property name CursorType in datPrimaryRSRace is invalid.
Line 235: The property name LockType in datPrimaryRSRace is invalid.
Line 236: The property name CommandType in datPrimaryRSRace is invalid.
Line 237: The property name CursorOptions in datPrimaryRSRace is invalid.
Line 238: The property name CacheSize in datPrimaryRSRace is invalid.
Line 239: The property name MaxRecords in datPrimaryRSRace is invalid.
Line 240: The property name BOFAction in datPrimaryRSRace is invalid.
Line 241: The property name EOFAction in datPrimaryRSRace is invalid.
Line 242: The property name ConnectStringType in datPrimaryRSRace is invalid.
Line 246: The property name Orientation in datPrimaryRSRace is invalid.
Line 248: The property name Connect in datPrimaryRSRace is invalid.
Line 249: The property name OLEDBString in datPrimaryRSRace is invalid.
Line 250: The property name OLEDBFile in datPrimaryRSRace is invalid.
Line 251: The property name DataSourceName in datPrimaryRSRace is invalid.
Line 252: The property name OtherAttributes in datPrimaryRSRace is invalid.
Line 253: The property name UserName in datPrimaryRSRace is invalid.
Line 254: The property name Password in datPrimaryRSRace is invalid.
Line 255: The property name RecordSource in datPrimaryRSRace is invalid.
Line 256: The property name Caption in datPrimaryRSRace is invalid.
Line 266: The property name _Version in datPrimaryRSRace is invalid.
Line 580: The property name _ExtentX in datPrimaryRSCoti is invalid.
Line 581: The property name _ExtentY in datPrimaryRSCoti is invalid.
Line 582: The property name ConnectMode in datPrimaryRSCoti is invalid.
Line 583: The property name CursorLocation in datPrimaryRSCoti is invalid.
Line 584: The property name IsolationLevel in datPrimaryRSCoti is invalid.
Line 585: The property name ConnectionTimeout in datPrimaryRSCoti is invalid.
Line 586: The property name CommandTimeout in datPrimaryRSCoti is invalid.
Line 587: The property name CursorType in datPrimaryRSCoti is invalid.
Line 588: The property name LockType in datPrimaryRSCoti is invalid.
Line 589: The property name CommandType in datPrimaryRSCoti is invalid.
Line 590: The property name CursorOptions in datPrimaryRSCoti is invalid.
Line 591: The property name CacheSize in datPrimaryRSCoti is invalid.
Line 592: The property name MaxRecords in datPrimaryRSCoti is invalid.
Line 593: The property name BOFAction in datPrimaryRSCoti is invalid.
Line 594: The property name EOFAction in datPrimaryRSCoti is invalid.
Line 595: The property name ConnectStringType in datPrimaryRSCoti is invalid.
Line 599: The property name Orientation in datPrimaryRSCoti is invalid.
Line 601: The property name Connect in datPrimaryRSCoti is invalid.
Line 602: The property name OLEDBString in datPrimaryRSCoti is invalid.
Line 603: The property name OLEDBFile in datPrimaryRSCoti is invalid.
Line 604: The property name DataSourceName in datPrimaryRSCoti is invalid.
Line 605: The property name OtherAttributes in datPrimaryRSCoti is invalid.
Line 606: The property name UserName in datPrimaryRSCoti is invalid.
Line 607: The property name Password in datPrimaryRSCoti is invalid.
Line 608: The property name RecordSource in datPrimaryRSCoti is invalid.
Line 609: The property name Caption in datPrimaryRSCoti is invalid.
Line 619: The property name _Version in datPrimaryRSCoti is invalid.
Line 627: The property name _ExtentX in datPrimaryRSVers is invalid.
Line 628: The property name _ExtentY in datPrimaryRSVers is invalid.
Line 629: The property name ConnectMode in datPrimaryRSVers is invalid.
Line 630: The property name CursorLocation in datPrimaryRSVers is invalid.
Line 631: The property name IsolationLevel in datPrimaryRSVers is invalid.
Line 632: The property name ConnectionTimeout in datPrimaryRSVers is invalid.
Line 633: The property name CommandTimeout in datPrimaryRSVers is invalid.
Line 634: The property name CursorType in datPrimaryRSVers is invalid.
Line 635: The property name LockType in datPrimaryRSVers is invalid.
Line 636: The property name CommandType in datPrimaryRSVers is invalid.
Line 637: The property name CursorOptions in datPrimaryRSVers is invalid.
Line 638: The property name CacheSize in datPrimaryRSVers is invalid.
Line 639: The property name MaxRecords in datPrimaryRSVers is invalid.
Line 640: The property name BOFAction in datPrimaryRSVers is invalid.
Line 641: The property name EOFAction in datPrimaryRSVers is invalid.
Line 642: The property name ConnectStringType in datPrimaryRSVers is invalid.
Line 646: The property name Orientation in datPrimaryRSVers is invalid.
Line 648: The property name Connect in datPrimaryRSVers is invalid.
Line 649: The property name OLEDBString in datPrimaryRSVers is invalid.
Line 650: The property name OLEDBFile in datPrimaryRSVers is invalid.
Line 651: The property name DataSourceName in datPrimaryRSVers is invalid.
Line 652: The property name OtherAttributes in datPrimaryRSVers is invalid.
Line 653: The property name UserName in datPrimaryRSVers is invalid.
Line 654: The property name Password in datPrimaryRSVers is invalid.
Line 655: The property name RecordSource in datPrimaryRSVers is invalid.
Line 656: The property name Caption in datPrimaryRSVers is invalid.
Line 666: The property name _Version in datPrimaryRSVers is invalid.
Line 674: The property name _ExtentX in datPrimaryRSTypPay is invalid.
Line 675: The property name _ExtentY in datPrimaryRSTypPay is invalid.
Line 676: The property name ConnectMode in datPrimaryRSTypPay is invalid.
Line 677: The property name CursorLocation in datPrimaryRSTypPay is invalid.
Line 678: The property name IsolationLevel in datPrimaryRSTypPay is invalid.
Line 679: The property name ConnectionTimeout in datPrimaryRSTypPay is invalid.
Line 680: The property name CommandTimeout in datPrimaryRSTypPay is invalid.
Line 681: The property name CursorType in datPrimaryRSTypPay is invalid.
Line 682: The property name LockType in datPrimaryRSTypPay is invalid.
Line 683: The property name CommandType in datPrimaryRSTypPay is invalid.
Line 684: The property name CursorOptions in datPrimaryRSTypPay is invalid.
Line 685: The property name CacheSize in datPrimaryRSTypPay is invalid.
Line 686: The property name MaxRecords in datPrimaryRSTypPay is invalid.
Line 687: The property name BOFAction in datPrimaryRSTypPay is invalid.
Line 688: The property name EOFAction in datPrimaryRSTypPay is invalid.
Line 689: The property name ConnectStringType in datPrimaryRSTypPay is invalid.
Line 693: The property name Orientation in datPrimaryRSTypPay is invalid.
Line 695: The property name Connect in datPrimaryRSTypPay is invalid.
Line 696: The property name OLEDBString in datPrimaryRSTypPay is invalid.
Line 697: The property name OLEDBFile in datPrimaryRSTypPay is invalid.
Line 698: The property name DataSourceName in datPrimaryRSTypPay is invalid.
Line 699: The property name OtherAttributes in datPrimaryRSTypPay is invalid.
Line 700: The property name UserName in datPrimaryRSTypPay is invalid.
Line 701: The property name Password in datPrimaryRSTypPay is invalid.
Line 702: The property name RecordSource in datPrimaryRSTypPay is invalid.
Line 703: The property name Caption in datPrimaryRSTypPay is invalid.
Line 713: The property name _Version in datPrimaryRSTypPay is invalid.
Line 894: The property name _ExtentX in datPrimaryRS is invalid.
Line 895: The property name _ExtentY in datPrimaryRS is invalid.
Line 896: The property name ConnectMode in datPrimaryRS is invalid.
Line 897: The property name CursorLocation in datPrimaryRS is invalid.
Line 898: The property name IsolationLevel in datPrimaryRS is invalid.
Line 899: The property name ConnectionTimeout in datPrimaryRS is invalid.
Line 900: The property name CommandTimeout in datPrimaryRS is invalid.
Line 901: The property name CursorType in datPrimaryRS is invalid.
Line 902: The property name LockType in datPrimaryRS is invalid.
Line 903: The property name CommandType in datPrimaryRS is invalid.
Line 904: The property name CursorOptions in datPrimaryRS is invalid.
Line 905: The property name CacheSize in datPrimaryRS is invalid.
Line 906: The property name MaxRecords in datPrimaryRS is invalid.
Line 907: The property name BOFAction in datPrimaryRS is invalid.
Line 908: The property name EOFAction in datPrimaryRS is invalid.
Line 909: The property name ConnectStringType in datPrimaryRS is invalid.
Line 913: The property name Orientation in datPrimaryRS is invalid.
Line 915: The property name Connect in datPrimaryRS is invalid.
Line 916: The property name OLEDBString in datPrimaryRS is invalid.
Line 917: The property name OLEDBFile in datPrimaryRS is invalid.
Line 918: The property name DataSourceName in datPrimaryRS is invalid.
Line 919: The property name OtherAttributes in datPrimaryRS is invalid.
Line 920: The property name UserName in datPrimaryRS is invalid.
Line 921: The property name Password in datPrimaryRS is invalid.
Line 922: The property name RecordSource in datPrimaryRS is invalid.
Line 923: The property name Caption in datPrimaryRS is invalid.
Line 933: The property name _Version in datPrimaryRS is invalid.
