2003.01.31 22:26 B C:\doc\web canine\fonctio.htm --> perso-ftp.wanadoo.fr /pub fonctio.htm
2003.01.31 22:26 B C:\doc\web canine\concours.htm --> perso-ftp.wanadoo.fr /pub concours.htm
2003.01.31 22:26 B C:\doc\web canine\contact.htm --> perso-ftp.wanadoo.fr /pub contact.htm
2003.01.31 22:28 B C:\doc\web canine\contact.htm --> perso-ftp.wanadoo.fr /pub contact.htm
2004.02.24 02:07 B D:\web\Canine\_activit.htm <-- canine /pub _activit.htm
2004.02.24 02:07 B D:\web\Canine\_bureau.htm <-- canine /pub _bureau.htm
2004.02.24 02:07 B D:\web\Canine\_concours.htm <-- canine /pub _concours.htm
2004.02.24 02:07 B D:\web\Canine\_concours_res.htm <-- canine /pub _concours_res.htm
2004.02.24 02:07 B D:\web\Canine\_contact.htm <-- canine /pub _contact.htm
2004.02.24 02:07 B D:\web\Canine\_fonctio.htm <-- canine /pub _fonctio.htm
2004.02.24 02:07 B D:\web\Canine\_histori.htm <-- canine /pub _histori.htm
2004.02.24 02:07 B D:\web\Canine\_home.htm <-- canine /pub _home.htm
2004.02.24 02:07 B D:\web\Canine\_install.htm <-- canine /pub _install.htm
2004.02.24 02:07 B D:\web\Canine\_menu.htm <-- canine /pub _menu.htm
2004.02.24 02:07 B D:\web\Canine\_situati.htm <-- canine /pub _situati.htm
2004.02.24 02:07 B D:\web\Canine\activit.htm <-- canine /pub activit.htm
2004.02.24 02:07 B D:\web\Canine\bureau.htm <-- canine /pub bureau.htm
2004.02.24 02:07 B D:\web\Canine\calendr.htm <-- canine /pub calendr.htm
2004.02.24 02:07 B D:\web\Canine\concours.htm <-- canine /pub concours.htm
2004.02.24 02:07 B D:\web\Canine\concours_entete.txt <-- canine /pub concours_entete.txt
2004.02.24 02:07 B D:\web\Canine\contact.htm <-- canine /pub contact.htm
2004.02.24 02:07 B D:\web\Canine\Copie de adm_PINOT.jpg <-- canine /pub Copie de adm_PINOT.jpg
2004.02.24 02:07 B D:\web\Canine\count.dat <-- canine /pub count.dat
2004.02.24 02:07 B D:\web\Canine\dog.js <-- canine /pub dog.js
2004.02.24 02:07 B D:\web\Canine\fonctio.htm <-- canine /pub fonctio.htm
2004.02.24 02:07 B D:\web\Canine\histori.htm <-- canine /pub histori.htm
2004.02.24 02:07 B D:\web\Canine\home.htm <-- canine /pub home.htm
2004.02.24 02:07 B D:\web\Canine\index.htm <-- canine /pub index.htm
2004.02.24 02:07 B D:\web\Canine\install.htm <-- canine /pub install.htm
2004.02.24 02:07 B D:\web\Canine\menu.htm <-- canine /pub menu.htm
2004.02.24 02:07 B D:\web\Canine\menu_top.htm <-- canine /pub menu_top.htm
2004.02.24 02:07 B D:\web\Canine\situati.htm <-- canine /pub situati.htm
2004.02.24 02:07 B D:\web\Canine\style.css <-- canine /pub style.css
2004.02.24 02:07 B D:\web\Canine\titre_activit.htm <-- canine /pub titre_activit.htm
2004.02.24 02:07 B D:\web\Canine\titre_bureau.htm <-- canine /pub titre_bureau.htm
2004.02.24 02:07 B D:\web\Canine\titre_calendr.htm <-- canine /pub titre_calendr.htm
2004.02.24 02:07 B D:\web\Canine\titre_concours.htm <-- canine /pub titre_concours.htm
2004.02.24 02:07 B D:\web\Canine\titre_contact.htm <-- canine /pub titre_contact.htm
2004.02.24 02:07 B D:\web\Canine\titre_fonctio.htm <-- canine /pub titre_fonctio.htm
2004.02.24 02:07 B D:\web\Canine\titre_histori.htm <-- canine /pub titre_histori.htm
2004.02.24 02:07 B D:\web\Canine\titre_home.htm <-- canine /pub titre_home.htm
2004.02.24 02:07 B D:\web\Canine\titre_install.htm <-- canine /pub titre_install.htm
2004.02.24 02:07 B D:\web\Canine\titre_situati.htm <-- canine /pub titre_situati.htm
2004.02.24 02:07 B D:\web\Canine\zconcours.htm <-- canine /pub zconcours.htm
2004.02.24 15:45 B D:\web\Canine\home.htm --> perso-ftp.wanadoo.fr /pub home.htm
